<?xml version="1.0" encoding="UTF-8"?>
<!-- Generated by org.testng.reporters.JUnitXMLReporter -->
<testsuite hostname="GINBAKS" ignored="0" name="newUserTests" tests="14" failures="2" timestamp="22 Mar 2020 22:46:41 GMT" time="7.961" errors="0">
  <testcase name="@BeforeGroups login" time="0.013" classname="test.NewUserTests">
    <failure type="org.openqa.selenium.NoSuchElementException" message="no such element: Unable to locate element: {&amp;quot;method&amp;quot;:&amp;quot;css selector&amp;quot;,&amp;quot;selector&amp;quot;:&amp;quot;#username&amp;quot;}
  (Session info: chrome=80.0.3987.149)
For documentation on this error, please visit: https://www.seleniumhq.org/exceptions/no_such_element.html
Build info: version: &amp;apos;3.141.59&amp;apos;, revision: &amp;apos;e82be7d358&amp;apos;, time: &amp;apos;2018-11-14T08:17:03&amp;apos;
System info: host: &amp;apos;GINBAKS&amp;apos;, ip: &amp;apos;192.168.56.1&amp;apos;, os.name: &amp;apos;Windows 10&amp;apos;, os.arch: &amp;apos;amd64&amp;apos;, os.version: &amp;apos;10.0&amp;apos;, java.version: &amp;apos;1.8.0_231&amp;apos;
Driver info: org.openqa.selenium.chrome.ChromeDriver
Capabilities {acceptInsecureCerts: false, browserName: chrome, browserVersion: 80.0.3987.149, chrome: {chromedriverVersion: 79.0.3945.36 (3582db32b3389..., userDataDir: C:\Users\Gintare\AppData\Lo...}, goog:chromeOptions: {debuggerAddress: localhost:53540}, javascriptEnabled: true, networkConnectionEnabled: false, pageLoadStrategy: normal, platform: WINDOWS, platformName: WINDOWS, proxy: Proxy(), setWindowRect: true, strictFileInteractability: false, timeouts: {implicit: 0, pageLoad: 300000, script: 30000}, unhandledPromptBehavior: dismiss and notify}
Session ID: f8f560ab159efad78be1a52f39cfcbbd
*** Element info: {Using=id, value=username}">
      <![CDATA[org.openqa.selenium.NoSuchElementException: no such element: Unable to locate element: {"method":"css selector","selector":"#username"}
  (Session info: chrome=80.0.3987.149)
For documentation on this error, please visit: https://www.seleniumhq.org/exceptions/no_such_element.html
Build info: version: '3.141.59', revision: 'e82be7d358', time: '2018-11-14T08:17:03'
System info: host: 'GINBAKS', ip: '192.168.56.1', os.name: 'Windows 10', os.arch: 'amd64', os.version: '10.0', java.version: '1.8.0_231'
Driver info: org.openqa.selenium.chrome.ChromeDriver
Capabilities {acceptInsecureCerts: false, browserName: chrome, browserVersion: 80.0.3987.149, chrome: {chromedriverVersion: 79.0.3945.36 (3582db32b3389..., userDataDir: C:\Users\Gintare\AppData\Lo...}, goog:chromeOptions: {debuggerAddress: localhost:53540}, javascriptEnabled: true, networkConnectionEnabled: false, pageLoadStrategy: normal, platform: WINDOWS, platformName: WINDOWS, proxy: Proxy(), setWindowRect: true, strictFileInteractability: false, timeouts: {implicit: 0, pageLoad: 300000, script: 30000}, unhandledPromptBehavior: dismiss and notify}
Session ID: f8f560ab159efad78be1a52f39cfcbbd
*** Element info: {Using=id, value=username}
at org.openqa.selenium.remote.http.W3CHttpResponseCodec.createException(W3CHttpResponseCodec.java:187)
at org.openqa.selenium.remote.http.W3CHttpResponseCodec.decode(W3CHttpResponseCodec.java:122)
at org.openqa.selenium.remote.http.W3CHttpResponseCodec.decode(W3CHttpResponseCodec.java:49)
at org.openqa.selenium.remote.HttpCommandExecutor.execute(HttpCommandExecutor.java:158)
at org.openqa.selenium.remote.service.DriverCommandExecutor.execute(DriverCommandExecutor.java:83)
at org.openqa.selenium.remote.RemoteWebDriver.execute(RemoteWebDriver.java:552)
at org.openqa.selenium.remote.RemoteWebDriver.findElement(RemoteWebDriver.java:323)
at org.openqa.selenium.remote.RemoteWebDriver.findElementById(RemoteWebDriver.java:372)
at org.openqa.selenium.By$ById.findElement(By.java:188)
at org.openqa.selenium.remote.RemoteWebDriver.findElement(RemoteWebDriver.java:315)
at org.openqa.selenium.support.pagefactory.DefaultElementLocator.findElement(DefaultElementLocator.java:69)
at org.openqa.selenium.support.pagefactory.internal.LocatingElementHandler.invoke(LocatingElementHandler.java:38)
at com.sun.proxy.$Proxy15.sendKeys(Unknown Source)
at page.LoginPage.sendKeysUserName(LoginPage.java:38)
at test.NewUserTests.login(NewUserTests.java:61)
... Removed 34 stack frames]]>
    </failure>
  </testcase> <!-- @BeforeGroups login -->
  <testcase name="@BeforeMethod navigateToNewUserPage" time="1.095" classname="test.NewUserTests">
    <failure type="org.openqa.selenium.ElementClickInterceptedException" message="element click intercepted: Element &amp;lt;a class=&amp;quot;nav-link dropdown-toggle link-text-format&amp;quot; id=&amp;quot;navbarDropdown&amp;quot; role=&amp;quot;button&amp;quot; data-toggle=&amp;quot;dropdown&amp;quot; aria-haspopup=&amp;quot;true&amp;quot; aria-expanded=&amp;quot;false&amp;quot; href=&amp;quot;/dvs/users&amp;quot;&amp;gt;...&amp;lt;/a&amp;gt; is not clickable at point (927, 30). Other element would receive the click: &amp;lt;div class=&amp;quot;modal-header&amp;quot;&amp;gt;...&amp;lt;/div&amp;gt;
  (Session info: chrome=80.0.3987.149)
Build info: version: &amp;apos;3.141.59&amp;apos;, revision: &amp;apos;e82be7d358&amp;apos;, time: &amp;apos;2018-11-14T08:17:03&amp;apos;
System info: host: &amp;apos;GINBAKS&amp;apos;, ip: &amp;apos;192.168.56.1&amp;apos;, os.name: &amp;apos;Windows 10&amp;apos;, os.arch: &amp;apos;amd64&amp;apos;, os.version: &amp;apos;10.0&amp;apos;, java.version: &amp;apos;1.8.0_231&amp;apos;
Driver info: org.openqa.selenium.chrome.ChromeDriver
Capabilities {acceptInsecureCerts: false, browserName: chrome, browserVersion: 80.0.3987.149, chrome: {chromedriverVersion: 79.0.3945.36 (3582db32b3389..., userDataDir: C:\Users\Gintare\AppData\Lo...}, goog:chromeOptions: {debuggerAddress: localhost:53540}, javascriptEnabled: true, networkConnectionEnabled: false, pageLoadStrategy: normal, platform: WINDOWS, platformName: WINDOWS, proxy: Proxy(), setWindowRect: true, strictFileInteractability: false, timeouts: {implicit: 0, pageLoad: 300000, script: 30000}, unhandledPromptBehavior: dismiss and notify}
Session ID: f8f560ab159efad78be1a52f39cfcbbd">
      <![CDATA[org.openqa.selenium.ElementClickInterceptedException: element click intercepted: Element <a class="nav-link dropdown-toggle link-text-format" id="navbarDropdown" role="button" data-toggle="dropdown" aria-haspopup="true" aria-expanded="false" href="/dvs/users">...</a> is not clickable at point (927, 30). Other element would receive the click: <div class="modal-header">...</div>
  (Session info: chrome=80.0.3987.149)
Build info: version: '3.141.59', revision: 'e82be7d358', time: '2018-11-14T08:17:03'
System info: host: 'GINBAKS', ip: '192.168.56.1', os.name: 'Windows 10', os.arch: 'amd64', os.version: '10.0', java.version: '1.8.0_231'
Driver info: org.openqa.selenium.chrome.ChromeDriver
Capabilities {acceptInsecureCerts: false, browserName: chrome, browserVersion: 80.0.3987.149, chrome: {chromedriverVersion: 79.0.3945.36 (3582db32b3389..., userDataDir: C:\Users\Gintare\AppData\Lo...}, goog:chromeOptions: {debuggerAddress: localhost:53540}, javascriptEnabled: true, networkConnectionEnabled: false, pageLoadStrategy: normal, platform: WINDOWS, platformName: WINDOWS, proxy: Proxy(), setWindowRect: true, strictFileInteractability: false, timeouts: {implicit: 0, pageLoad: 300000, script: 30000}, unhandledPromptBehavior: dismiss and notify}
Session ID: f8f560ab159efad78be1a52f39cfcbbd
at org.openqa.selenium.remote.http.W3CHttpResponseCodec.createException(W3CHttpResponseCodec.java:187)
at org.openqa.selenium.remote.http.W3CHttpResponseCodec.decode(W3CHttpResponseCodec.java:122)
at org.openqa.selenium.remote.http.W3CHttpResponseCodec.decode(W3CHttpResponseCodec.java:49)
at org.openqa.selenium.remote.HttpCommandExecutor.execute(HttpCommandExecutor.java:158)
at org.openqa.selenium.remote.service.DriverCommandExecutor.execute(DriverCommandExecutor.java:83)
at org.openqa.selenium.remote.RemoteWebDriver.execute(RemoteWebDriver.java:552)
at org.openqa.selenium.remote.RemoteWebElement.execute(RemoteWebElement.java:285)
at org.openqa.selenium.remote.RemoteWebElement.click(RemoteWebElement.java:84)
at org.openqa.selenium.support.pagefactory.internal.LocatingElementHandler.invoke(LocatingElementHandler.java:51)
at com.sun.proxy.$Proxy15.click(Unknown Source)
at page.MainPage.clickAdminButton(MainPage.java:84)
at test.NewUserTests.navigateToNewUserPage(NewUserTests.java:68)
... Removed 36 stack frames]]>
    </failure>
  </testcase> <!-- @BeforeMethod navigateToNewUserPage -->
  <testcase name="@BeforeMethod navigateToNewUserPage" time="0.0" classname="test.NewUserTests">
    <skipped/>
  </testcase> <!-- @BeforeMethod navigateToNewUserPage -->
  <testcase name="@BeforeMethod navigateToNewUserPage" time="0.0" classname="test.NewUserTests">
    <skipped/>
  </testcase> <!-- @BeforeMethod navigateToNewUserPage -->
  <testcase name="@BeforeMethod navigateToNewUserPage" time="0.0" classname="test.NewUserTests">
    <skipped/>
  </testcase> <!-- @BeforeMethod navigateToNewUserPage -->
  <testcase name="@BeforeMethod navigateToNewUserPage" time="0.0" classname="test.NewUserTests">
    <skipped/>
  </testcase> <!-- @BeforeMethod navigateToNewUserPage -->
  <testcase name="@BeforeMethod navigateToNewUserPage" time="0.0" classname="test.NewUserTests">
    <skipped/>
  </testcase> <!-- @BeforeMethod navigateToNewUserPage -->
  <testcase name="@BeforeMethod navigateToNewUserPage" time="0.0" classname="test.NewUserTests">
    <skipped/>
  </testcase> <!-- @BeforeMethod navigateToNewUserPage -->
  <testcase name="@BeforeMethod navigateToNewUserPage" time="0.0" classname="test.NewUserTests">
    <skipped/>
  </testcase> <!-- @BeforeMethod navigateToNewUserPage -->
  <testcase name="@BeforeMethod navigateToNewUserPage" time="0.0" classname="test.NewUserTests">
    <skipped/>
  </testcase> <!-- @BeforeMethod navigateToNewUserPage -->
  <testcase name="@BeforeMethod navigateToNewUserPage" time="0.0" classname="test.NewUserTests">
    <skipped/>
  </testcase> <!-- @BeforeMethod navigateToNewUserPage -->
  <testcase name="@BeforeMethod navigateToNewUserPage" time="0.0" classname="test.NewUserTests">
    <skipped/>
  </testcase> <!-- @BeforeMethod navigateToNewUserPage -->
  <testcase name="@BeforeMethod navigateToNewUserPage" time="0.0" classname="test.NewUserTests">
    <skipped/>
  </testcase> <!-- @BeforeMethod navigateToNewUserPage -->
  <testcase name="@AfterGroups logout" time="0.0" classname="test.NewUserTests">
    <skipped/>
  </testcase> <!-- @AfterGroups logout -->
  <testcase name="@AfterClass deleteEntities" time="0.0" classname="test.NewUserTests">
    <skipped/>
  </testcase> <!-- @AfterClass deleteEntities -->
  <testcase name="createNewAdminTest" time="2.618" classname="test.NewUserTests">
    <failure type="org.openqa.selenium.StaleElementReferenceException" message="stale element reference: element is not attached to the page document
  (Session info: chrome=80.0.3987.149)
For documentation on this error, please visit: https://www.seleniumhq.org/exceptions/stale_element_reference.html
Build info: version: &amp;apos;3.141.59&amp;apos;, revision: &amp;apos;e82be7d358&amp;apos;, time: &amp;apos;2018-11-14T08:17:03&amp;apos;
System info: host: &amp;apos;GINBAKS&amp;apos;, ip: &amp;apos;192.168.56.1&amp;apos;, os.name: &amp;apos;Windows 10&amp;apos;, os.arch: &amp;apos;amd64&amp;apos;, os.version: &amp;apos;10.0&amp;apos;, java.version: &amp;apos;1.8.0_231&amp;apos;
Driver info: org.openqa.selenium.chrome.ChromeDriver
Capabilities {acceptInsecureCerts: false, browserName: chrome, browserVersion: 80.0.3987.149, chrome: {chromedriverVersion: 79.0.3945.36 (3582db32b3389..., userDataDir: C:\Users\Gintare\AppData\Lo...}, goog:chromeOptions: {debuggerAddress: localhost:53540}, javascriptEnabled: true, networkConnectionEnabled: false, pageLoadStrategy: normal, platform: WINDOWS, platformName: WINDOWS, proxy: Proxy(), setWindowRect: true, strictFileInteractability: false, timeouts: {implicit: 0, pageLoad: 300000, script: 30000}, unhandledPromptBehavior: dismiss and notify}
Session ID: f8f560ab159efad78be1a52f39cfcbbd">
      <![CDATA[org.openqa.selenium.StaleElementReferenceException: stale element reference: element is not attached to the page document
  (Session info: chrome=80.0.3987.149)
For documentation on this error, please visit: https://www.seleniumhq.org/exceptions/stale_element_reference.html
Build info: version: '3.141.59', revision: 'e82be7d358', time: '2018-11-14T08:17:03'
System info: host: 'GINBAKS', ip: '192.168.56.1', os.name: 'Windows 10', os.arch: 'amd64', os.version: '10.0', java.version: '1.8.0_231'
Driver info: org.openqa.selenium.chrome.ChromeDriver
Capabilities {acceptInsecureCerts: false, browserName: chrome, browserVersion: 80.0.3987.149, chrome: {chromedriverVersion: 79.0.3945.36 (3582db32b3389..., userDataDir: C:\Users\Gintare\AppData\Lo...}, goog:chromeOptions: {debuggerAddress: localhost:53540}, javascriptEnabled: true, networkConnectionEnabled: false, pageLoadStrategy: normal, platform: WINDOWS, platformName: WINDOWS, proxy: Proxy(), setWindowRect: true, strictFileInteractability: false, timeouts: {implicit: 0, pageLoad: 300000, script: 30000}, unhandledPromptBehavior: dismiss and notify}
Session ID: f8f560ab159efad78be1a52f39cfcbbd
at org.openqa.selenium.remote.http.W3CHttpResponseCodec.createException(W3CHttpResponseCodec.java:187)
at org.openqa.selenium.remote.http.W3CHttpResponseCodec.decode(W3CHttpResponseCodec.java:122)
at org.openqa.selenium.remote.http.W3CHttpResponseCodec.decode(W3CHttpResponseCodec.java:49)
at org.openqa.selenium.remote.HttpCommandExecutor.execute(HttpCommandExecutor.java:158)
at org.openqa.selenium.remote.service.DriverCommandExecutor.execute(DriverCommandExecutor.java:83)
at org.openqa.selenium.remote.RemoteWebDriver.execute(RemoteWebDriver.java:552)
at org.openqa.selenium.remote.RemoteWebElement.execute(RemoteWebElement.java:285)
at org.openqa.selenium.remote.RemoteWebElement.getText(RemoteWebElement.java:166)
at page.UserListPage.getFirstNameFromUserListByUsername(UserListPage.java:41)
at test.NewUserTests.createNewAdminTest(NewUserTests.java:128)
... Removed 29 stack frames]]>
    </failure>
  </testcase> <!-- createNewAdminTest -->
  <testcase name="createNewUserTest" time="2.662" classname="test.NewUserTests">
    <failure type="java.lang.AssertionError" message="User was not added to the group correctly expected [true] but found [false]">
      <![CDATA[java.lang.AssertionError: User was not added to the group correctly expected [true] but found [false]
at test.NewUserTests.createNewUserTest(NewUserTests.java:218)
... Removed 28 stack frames]]>
    </failure>
  </testcase> <!-- createNewUserTest -->
  <testcase name="newUserTestEmptyFirstNameField" time="0.0" classname="test.NewUserTests">
    <skipped/>
  </testcase> <!-- newUserTestEmptyFirstNameField -->
  <testcase name="newUserTestEmptyLastNameField" time="0.0" classname="test.NewUserTests">
    <skipped/>
  </testcase> <!-- newUserTestEmptyLastNameField -->
  <testcase name="newUserTestFirstName21char" time="0.0" classname="test.NewUserTests">
    <skipped/>
  </testcase> <!-- newUserTestFirstName21char -->
  <testcase name="newUserTestLastName21char" time="0.0" classname="test.NewUserTests">
    <skipped/>
  </testcase> <!-- newUserTestLastName21char -->
  <testcase name="newUserTestNotUniqueUsername" time="0.0" classname="test.NewUserTests">
    <skipped/>
  </testcase> <!-- newUserTestNotUniqueUsername -->
  <testcase name="newUserTestPassword21char" time="0.0" classname="test.NewUserTests">
    <skipped/>
  </testcase> <!-- newUserTestPassword21char -->
  <testcase name="newUserTestPassword3char" time="0.0" classname="test.NewUserTests">
    <skipped/>
  </testcase> <!-- newUserTestPassword3char -->
  <testcase name="newUserTestPasswordWithSpace" time="0.0" classname="test.NewUserTests">
    <skipped/>
  </testcase> <!-- newUserTestPasswordWithSpace -->
  <testcase name="newUserTestUsername21char" time="0.0" classname="test.NewUserTests">
    <skipped/>
  </testcase> <!-- newUserTestUsername21char -->
  <testcase name="newUserTestUsername3char" time="0.0" classname="test.NewUserTests">
    <skipped/>
  </testcase> <!-- newUserTestUsername3char -->
  <testcase name="newUserTestUsernameSpecChar" time="0.0" classname="test.NewUserTests">
    <skipped/>
  </testcase> <!-- newUserTestUsernameSpecChar -->
  <testcase name="newUserTestUsernameWithSpace" time="0.0" classname="test.NewUserTests">
    <skipped/>
  </testcase> <!-- newUserTestUsernameWithSpace -->
</testsuite> <!-- newUserTests -->
